# JRE version: Java(TM) SE Runtime Environment (21.0.6+8) (build 21.0.6+8-LTS-188)
# Java VM: Java HotSpot(TM) 64-Bit Server VM (21.0.6+8-LTS-188, mixed mode, sharing, tiered, compressed oops, compressed class ptrs, serial gc, windows-amd64)
GC Precious Log:
 CardTable entry size: 512
 CPUs: 12 total, 12 available
 Memory: 16236M
 Large Page Support: Disabled
 NUMA Support: Disabled
 Compressed Oops: Enabled (32-bit)
 Heap Min Capacity: 8M
 Heap Initial Capacity: 128M
 Heap Max Capacity: 128M
 Pre-touch: Disabled
Heap:
 def new generation   total 39296K, used 1401K [0x00000000f8000000, 0x00000000faaa0000, 0x00000000faaa0000)
  eden space 34944K,   4% used [0x00000000f8000000, 0x00000000f815e4b8, 0x00000000fa220000)
  from space 4352K,   0% used [0x00000000fa660000, 0x00000000fa660000, 0x00000000faaa0000)
  to   space 4352K,   0% used [0x00000000fa220000, 0x00000000fa220000, 0x00000000fa660000)
 tenured generation   total 87424K, used 23604K [0x00000000faaa0000, 0x0000000100000000, 0x0000000100000000)
   the space 87424K,  26% used [0x00000000faaa0000, 0x00000000fc1ad0f8, 0x00000000fc1ad200, 0x0000000100000000)
 Metaspace       used 23155K, committed 23488K, reserved 131072K
  class space    used 2636K, committed 2816K, reserved 65536K
GC Heap History (12 events):
Event: 0.886 GC heap before
{Heap before GC invocations=0 (full 0):
 def new generation   total 39296K, used 34944K [0x00000000f8000000, 0x00000000faaa0000, 0x00000000faaa0000)
  eden space 34944K, 100% used [0x00000000f8000000, 0x00000000fa220000, 0x00000000fa220000)
  from space 4352K,   0% used [0x00000000fa220000, 0x00000000fa220000, 0x00000000fa660000)
  to   space 4352K,   0% used [0x00000000fa660000, 0x00000000fa660000, 0x00000000faaa0000)
 tenured generation   total 87424K, used 0K [0x00000000faaa0000, 0x0000000100000000, 0x0000000100000000)
   the space 87424K,   0% used [0x00000000faaa0000, 0x00000000faaa0000, 0x00000000faaa0200, 0x0000000100000000)
 Metaspace       used 6846K, committed 7040K, reserved 131072K
  class space    used 780K, committed 896K, reserved 65536K
}
Event: 0.893 GC heap after
{Heap after GC invocations=1 (full 0):
 def new generation   total 39296K, used 4150K [0x00000000f8000000, 0x00000000faaa0000, 0x00000000faaa0000)
  eden space 34944K,   0% used [0x00000000f8000000, 0x00000000f8000000, 0x00000000fa220000)
  from space 4352K,  95% used [0x00000000fa660000, 0x00000000faa6db18, 0x00000000faaa0000)
  to   space 4352K,   0% used [0x00000000fa220000, 0x00000000fa220000, 0x00000000fa660000)
 tenured generation   total 87424K, used 0K [0x00000000faaa0000, 0x0000000100000000, 0x0000000100000000)
   the space 87424K,   0% used [0x00000000faaa0000, 0x00000000faaa0000, 0x00000000faaa0200, 0x0000000100000000)
 Metaspace       used 6846K, committed 7040K, reserved 131072K
  class space    used 780K, committed 896K, reserved 65536K
}
Event: 2.550 GC heap before
{Heap before GC invocations=1 (full 0):
 def new generation   total 39296K, used 39094K [0x00000000f8000000, 0x00000000faaa0000, 0x00000000faaa0000)
  eden space 34944K, 100% used [0x00000000f8000000, 0x00000000fa220000, 0x00000000fa220000)
  from space 4352K,  95% used [0x00000000fa660000, 0x00000000faa6db18, 0x00000000faaa0000)
  to   space 4352K,   0% used [0x00000000fa220000, 0x00000000fa220000, 0x00000000fa660000)
 tenured generation   total 87424K, used 0K [0x00000000faaa0000, 0x0000000100000000, 0x0000000100000000)
   the space 87424K,   0% used [0x00000000faaa0000, 0x00000000faaa0000, 0x00000000faaa0200, 0x0000000100000000)
 Metaspace       used 13320K, committed 13568K, reserved 131072K
  class space    used 1590K, committed 1728K, reserved 65536K
}
Event: 2.561 GC heap after
{Heap after GC invocations=2 (full 0):
 def new generation   total 39296K, used 2864K [0x00000000f8000000, 0x00000000faaa0000, 0x00000000faaa0000)
  eden space 34944K,   0% used [0x00000000f8000000, 0x00000000f8000000, 0x00000000fa220000)
  from space 4352K,  65% used [0x00000000fa220000, 0x00000000fa4ec100, 0x00000000fa660000)
  to   space 4352K,   0% used [0x00000000fa660000, 0x00000000fa660000, 0x00000000faaa0000)
 tenured generation   total 87424K, used 3879K [0x00000000faaa0000, 0x0000000100000000, 0x0000000100000000)
   the space 87424K,   4% used [0x00000000faaa0000, 0x00000000fae69fc8, 0x00000000fae6a000, 0x0000000100000000)
 Metaspace       used 13320K, committed 13568K, reserved 131072K
  class space    used 1590K, committed 1728K, reserved 65536K
}
Event: 3.085 GC heap before
{Heap before GC invocations=2 (full 0):
 def new generation   total 39296K, used 37808K [0x00000000f8000000, 0x00000000faaa0000, 0x00000000faaa0000)
  eden space 34944K, 100% used [0x00000000f8000000, 0x00000000fa220000, 0x00000000fa220000)
  from space 4352K,  65% used [0x00000000fa220000, 0x00000000fa4ec100, 0x00000000fa660000)
  to   space 4352K,   0% used [0x00000000fa660000, 0x00000000fa660000, 0x00000000faaa0000)
 tenured generation   total 87424K, used 3879K [0x00000000faaa0000, 0x0000000100000000, 0x0000000100000000)
   the space 87424K,   4% used [0x00000000faaa0000, 0x00000000fae69fc8, 0x00000000fae6a000, 0x0000000100000000)
 Metaspace       used 15762K, committed 16000K, reserved 131072K
  class space    used 1817K, committed 1920K, reserved 65536K
}
Event: 3.097 GC heap after
{Heap after GC invocations=3 (full 0):
 def new generation   total 39296K, used 4351K [0x00000000f8000000, 0x00000000faaa0000, 0x00000000faaa0000)
  eden space 34944K,   0% used [0x00000000f8000000, 0x00000000f8000000, 0x00000000fa220000)
  from space 4352K,  99% used [0x00000000fa660000, 0x00000000faa9fff8, 0x00000000faaa0000)
  to   space 4352K,   0% used [0x00000000fa220000, 0x00000000fa220000, 0x00000000fa660000)
 tenured generation   total 87424K, used 6732K [0x00000000faaa0000, 0x0000000100000000, 0x0000000100000000)
   the space 87424K,   7% used [0x00000000faaa0000, 0x00000000fb133200, 0x00000000fb133200, 0x0000000100000000)
 Metaspace       used 15762K, committed 16000K, reserved 131072K
  class space    used 1817K, committed 1920K, reserved 65536K
}
Event: 3.594 GC heap before
{Heap before GC invocations=3 (full 0):
 def new generation   total 39296K, used 39295K [0x00000000f8000000, 0x00000000faaa0000, 0x00000000faaa0000)
  eden space 34944K, 100% used [0x00000000f8000000, 0x00000000fa220000, 0x00000000fa220000)
  from space 4352K,  99% used [0x00000000fa660000, 0x00000000faa9fff8, 0x00000000faaa0000)
  to   space 4352K,   0% used [0x00000000fa220000, 0x00000000fa220000, 0x00000000fa660000)
 tenured generation   total 87424K, used 6732K [0x00000000faaa0000, 0x0000000100000000, 0x0000000100000000)
   the space 87424K,   7% used [0x00000000faaa0000, 0x00000000fb133200, 0x00000000fb133200, 0x0000000100000000)
 Metaspace       used 16255K, committed 16512K, reserved 131072K
  class space    used 1836K, committed 1920K, reserved 65536K
}
Event: 3.605 GC heap after
{Heap after GC invocations=4 (full 0):
 def new generation   total 39296K, used 2690K [0x00000000f8000000, 0x00000000faaa0000, 0x00000000faaa0000)
  eden space 34944K,   0% used [0x00000000f8000000, 0x00000000f8000000, 0x00000000fa220000)
  from space 4352K,  61% used [0x00000000fa220000, 0x00000000fa4c0a60, 0x00000000fa660000)
  to   space 4352K,   0% used [0x00000000fa660000, 0x00000000fa660000, 0x00000000faaa0000)
 tenured generation   total 87424K, used 10960K [0x00000000faaa0000, 0x0000000100000000, 0x0000000100000000)
   the space 87424K,  12% used [0x00000000faaa0000, 0x00000000fb554048, 0x00000000fb554200, 0x0000000100000000)
 Metaspace       used 16255K, committed 16512K, reserved 131072K
  class space    used 1836K, committed 1920K, reserved 65536K
}
Event: 4.251 GC heap before
{Heap before GC invocations=4 (full 0):
 def new generation   total 39296K, used 37634K [0x00000000f8000000, 0x00000000faaa0000, 0x00000000faaa0000)
  eden space 34944K, 100% used [0x00000000f8000000, 0x00000000fa220000, 0x00000000fa220000)
  from space 4352K,  61% used [0x00000000fa220000, 0x00000000fa4c0a60, 0x00000000fa660000)
  to   space 4352K,   0% used [0x00000000fa660000, 0x00000000fa660000, 0x00000000faaa0000)
 tenured generation   total 87424K, used 10960K [0x00000000faaa0000, 0x0000000100000000, 0x0000000100000000)
   the space 87424K,  12% used [0x00000000faaa0000, 0x00000000fb554048, 0x00000000fb554200, 0x0000000100000000)
 Metaspace       used 17826K, committed 18112K, reserved 131072K
  class space    used 1972K, committed 2112K, reserved 65536K
}
Event: 4.260 GC heap after
{Heap after GC invocations=5 (full 0):
 def new generation   total 39296K, used 1880K [0x00000000f8000000, 0x00000000faaa0000, 0x00000000faaa0000)
  eden space 34944K,   0% used [0x00000000f8000000, 0x00000000f8000000, 0x00000000fa220000)
  from space 4352K,  43% used [0x00000000fa660000, 0x00000000fa836350, 0x00000000faaa0000)
  to   space 4352K,   0% used [0x00000000fa220000, 0x00000000fa220000, 0x00000000fa660000)
 tenured generation   total 87424K, used 12933K [0x00000000faaa0000, 0x0000000100000000, 0x0000000100000000)
   the space 87424K,  14% used [0x00000000faaa0000, 0x00000000fb7415b0, 0x00000000fb741600, 0x0000000100000000)
 Metaspace       used 17826K, committed 18112K, reserved 131072K
  class space    used 1972K, committed 2112K, reserved 65536K
}
Event: 4.682 GC heap before
{Heap before GC invocations=5 (full 0):
 def new generation   total 39296K, used 27743K [0x00000000f8000000, 0x00000000faaa0000, 0x00000000faaa0000)
  eden space 34944K,  74% used [0x00000000f8000000, 0x00000000f9941c60, 0x00000000fa220000)
  from space 4352K,  43% used [0x00000000fa660000, 0x00000000fa836350, 0x00000000faaa0000)
  to   space 4352K,   0% used [0x00000000fa220000, 0x00000000fa220000, 0x00000000fa660000)
 tenured generation   total 87424K, used 12933K [0x00000000faaa0000, 0x0000000100000000, 0x0000000100000000)
   the space 87424K,  14% used [0x00000000faaa0000, 0x00000000fb7415b0, 0x00000000fb741600, 0x0000000100000000)
 Metaspace       used 21218K, committed 21504K, reserved 131072K
  class space    used 2410K, committed 2560K, reserved 65536K
}
Event: 4.724 GC heap after
{Heap after GC invocations=6 (full 1):
 def new generation   total 39296K, used 0K [0x00000000f8000000, 0x00000000faaa0000, 0x00000000faaa0000)
  eden space 34944K,   0% used [0x00000000f8000000, 0x00000000f8000000, 0x00000000fa220000)
  from space 4352K,   0% used [0x00000000fa660000, 0x00000000fa660000, 0x00000000faaa0000)
  to   space 4352K,   0% used [0x00000000fa220000, 0x00000000fa220000, 0x00000000fa660000)
 tenured generation   total 87424K, used 23604K [0x00000000faaa0000, 0x0000000100000000, 0x0000000100000000)
   the space 87424K,  26% used [0x00000000faaa0000, 0x00000000fc1ad0f8, 0x00000000fc1ad200, 0x0000000100000000)
 Metaspace       used 21218K, committed 21504K, reserved 131072K
  class space    used 2410K, committed 2560K, reserved 65536K
}

